<?xml version="1.0" encoding="UTF-8"?>
<!-- Generated by org.testng.reporters.JUnitReportReporter -->
<testsuite hostname="BCTCL-HP34011" failures="0" tests="4" name="com.qa.Procure360.tests.LoginPageTest" time="3.585" errors="0" timestamp="17 Mar 2022 12:48:53 GMT" skipped="0">
  <testcase classname="com.qa.Procure360.tests.LoginPageTest" name="loginPageUrlTest" time="0.022"/>
  <testcase classname="com.qa.Procure360.tests.LoginPageTest" name="createNewlinkExist" time="0.602"/>
  <testcase classname="com.qa.Procure360.tests.LoginPageTest" name="doLogin" time="2.931"/>
  <testcase classname="com.qa.Procure360.tests.LoginPageTest" name="loginPageTitleTest" time="0.030"/>
</testsuite> <!-- com.qa.Procure360.tests.LoginPageTest -->
