<?xml version="1.0" encoding="UTF-8"?>
<!-- Generated by org.testng.reporters.JUnitReportReporter -->
<testsuite hostname="BCTCL-HP34011" failures="0" tests="10" name="com.qa.Procure360.tests.HomepageTest" time="11.190" errors="0" timestamp="14 Mar 2022 16:50:41 GMT" skipped="0">
  <testcase classname="com.qa.Procure360.tests.HomepageTest" name="copyRightsTextTest" time="0.476"/>
  <testcase classname="com.qa.Procure360.tests.HomepageTest" name="transaltionLinkExistTest" time="0.509"/>
  <testcase classname="com.qa.Procure360.tests.HomepageTest" name="menuTitleCardTest" time="0.330"/>
  <testcase classname="com.qa.Procure360.tests.HomepageTest" name="logoutLinkExistTest" time="3.526"/>
  <testcase classname="com.qa.Procure360.tests.HomepageTest" name="homePageHeader" time="0.551"/>
  <testcase classname="com.qa.Procure360.tests.HomepageTest" name="contactUsLinkExistTest" time="1.845"/>
  <testcase classname="com.qa.Procure360.tests.HomepageTest" name="homeLinkExistTest" time="3.455"/>
  <testcase classname="com.qa.Procure360.tests.HomepageTest" name="homePageUrl" time="0.025"/>
  <testcase classname="com.qa.Procure360.tests.HomepageTest" name="homePageTitleTest" time="0.022"/>
  <testcase classname="com.qa.Procure360.tests.HomepageTest" name="menuLinkExistTest" time="0.451"/>
</testsuite> <!-- com.qa.Procure360.tests.HomepageTest -->
