<?xml version="1.0" encoding="UTF-8"?>
<!-- Generated by org.testng.reporters.JUnitReportReporter -->
<testsuite hostname="BCTCL-HP34011" failures="0" tests="1" name="com.qa.Procure360.tests.SupplierInfoPageTest" time="19.249" errors="0" timestamp="18 Mar 2022 16:35:15 GMT" skipped="0">
  <testcase classname="com.qa.Procure360.tests.SupplierInfoPageTest" name="supplierInformationDetails" time="19.249"/>
</testsuite> <!-- com.qa.Procure360.tests.SupplierInfoPageTest -->
